#
# A fatal error has been detected by the Java Runtime Environment:
#
#  EXCEPTION_ACCESS_VIOLATION (0xc0000005) at pc=0x0000000063f682b5, pid=3472, tid=940
#
# JRE version: Java(TM) SE Runtime Environment (8.0_45-b15) (build 1.8.0_45-b15)
# Java VM: Java HotSpot(TM) 64-Bit Server VM (25.45-b02 mixed mode windows-amd64 compressed oops)
# Problematic frame:
# V  [jvm.dll+0x1282b5]
#
# Failed to write core dump. Minidumps are not enabled by default on client versions of Windows
#
# If you would like to submit a bug report, please visit:
#   http://bugreport.java.com/bugreport/crash.jsp
#

---------------  T H R E A D  ---------------

Current thread (0x0000000058b0c000):  JavaThread "JDWP Transport Listener: dt_socket" daemon [_thread_in_vm, id=940, stack(0x0000000059a70000,0x0000000059b70000)]

siginfo: ExceptionCode=0xc0000005, reading address 0x000000000000003b

Registers:
RAX=0x0000000059b6f401, RBX=0x0000000058b0c000, RCX=0x000000000000003b, RDX=0x0000000000000000
RSP=0x0000000059b6f4a0, RBP=0x000000000000003b, RSI=0x0000000059b6f5b8, RDI=0x00000000024da140
R8 =0x0000000058b0c000, R9 =0x61747948008600de, R10=0x0000000000000000, R11=0x0000000059b6f7e8
R12=0x0000000000000000, R13=0x0000000058b12558, R14=0x0000000000000000, R15=0x0000000000000000
RIP=0x0000000063f682b5, EFLAGS=0x0000000000010202

Top of Stack: (sp=0x0000000059b6f4a0)
0x0000000059b6f4a0:   0000000058b0c000 0000000058b0c000
0x0000000059b6f4b0:   0000000059b6f568 000000006416c7db
0x0000000059b6f4c0:   0000000058b0c000 000000006418903d
0x0000000059b6f4d0:   0000000000000000 0000000064e99155
0x0000000059b6f4e0:   000000005ab02630 0000000064ea291e
0x0000000059b6f4f0:   0000000058b0c000 0000000000000000
0x0000000059b6f500:   0000000000000000 0000000000000000
0x0000000059b6f510:   000000000000003b 0000000064ea1a15
0x0000000059b6f520:   0000000059b6f5b8 0000000059b6f590
0x0000000059b6f530:   0000000000000001 000000005ab02630
0x0000000059b6f540:   000000000000003b 0000000064e853b3
0x0000000059b6f550:   0000000059b6f680 0000000000000001
0x0000000059b6f560:   0000000000000001 000000005ab02630
0x0000000059b6f570:   000000000000000a 0000000000000000
0x0000000059b6f580:   0000000000000000 0000000000000000
0x0000000059b6f590:   0000000000000001 0000000064e85571 

Instructions: (pc=0x0000000063f682b5)
0x0000000063f68295:   cc cc cc cc cc cc cc cc cc cc cc 48 83 ec 28 48
0x0000000063f682a5:   85 c9 75 07 33 c0 48 83 c4 28 c3 48 89 5c 24 20
0x0000000063f682b5:   48 8b 19 48 85 db 74 20 48 83 fb 37 74 1a 48 8b
0x0000000063f682c5:   13 48 8b cb ff 52 10 84 c0 74 0d 48 8b c3 48 8b 


Register to memory mapping:

RAX=0x0000000059b6f401 is pointing into the stack for thread: 0x0000000058b0c000
RBX=0x0000000058b0c000 is a thread
RCX=0x000000000000003b is an unknown value
RDX=0x0000000000000000 is an unknown value
RSP=0x0000000059b6f4a0 is pointing into the stack for thread: 0x0000000058b0c000
RBP=0x000000000000003b is an unknown value
RSI=0x0000000059b6f5b8 is pointing into the stack for thread: 0x0000000058b0c000
RDI=0x00000000024da140 is an unknown value
R8 =0x0000000058b0c000 is a thread
R9 =0x61747948008600de is an unknown value
R10=0x0000000000000000 is an unknown value
R11=0x0000000059b6f7e8 is pointing into the stack for thread: 0x0000000058b0c000
R12=0x0000000000000000 is an unknown value
R13=0x0000000058b12558 is an unknown value
R14=0x0000000000000000 is an unknown value
R15=0x0000000000000000 is an unknown value


Stack: [0x0000000059a70000,0x0000000059b70000],  sp=0x0000000059b6f4a0,  free space=1021k
Native frames: (J=compiled Java code, j=interpreted, Vv=VM code, C=native code)
V  [jvm.dll+0x1282b5]
V  [jvm.dll+0x34903d]
C  [jdwp.dll+0x21a15]
C  [jdwp.dll+0x53b3]
C  [jdwp.dll+0x5571]
C  [jdwp.dll+0xf0a8]
C  [jdwp.dll+0x1f2d5]
C  [jdwp.dll+0x1f4aa]
V  [jvm.dll+0x1bae98]
V  [jvm.dll+0x241984]
V  [jvm.dll+0x29853a]
C  [msvcr100.dll+0x21d9f]
C  [msvcr100.dll+0x21e3b]
C  [kernel32.dll+0x1652d]
C  [ntdll.dll+0x2c521]


---------------  P R O C E S S  ---------------

Java Threads: ( => current thread )
  0x0000000058b9d000 JavaThread "Service Thread" daemon [_thread_blocked, id=1488, stack(0x000000005a2d0000,0x000000005a3d0000)]
  0x0000000058b2e000 JavaThread "C1 CompilerThread2" daemon [_thread_blocked, id=3292, stack(0x000000005a170000,0x000000005a270000)]
  0x0000000058b2b000 JavaThread "C2 CompilerThread1" daemon [_thread_blocked, id=4828, stack(0x0000000059f40000,0x000000005a040000)]
  0x0000000058b26000 JavaThread "C2 CompilerThread0" daemon [_thread_blocked, id=2520, stack(0x0000000059850000,0x0000000059950000)]
  0x0000000058b19800 JavaThread "JDWP Command Reader" daemon [_thread_in_native, id=6552, stack(0x0000000059e20000,0x0000000059f20000)]
  0x0000000058b18000 JavaThread "JDWP Event Helper Thread" daemon [_thread_blocked, id=4364, stack(0x0000000059c70000,0x0000000059d70000)]
=>0x0000000058b0c000 JavaThread "JDWP Transport Listener: dt_socket" daemon [_thread_in_vm, id=940, stack(0x0000000059a70000,0x0000000059b70000)]
  0x0000000058afa800 JavaThread "Attach Listener" daemon [_thread_blocked, id=6516, stack(0x0000000059150000,0x0000000059250000)]
  0x00000000577b2800 JavaThread "Signal Dispatcher" daemon [_thread_blocked, id=6492, stack(0x0000000058fc0000,0x00000000590c0000)]
  0x0000000057757800 JavaThread "Finalizer" daemon [_thread_blocked, id=5544, stack(0x00000000589f0000,0x0000000058af0000)]
  0x0000000057750800 JavaThread "Reference Handler" daemon [_thread_blocked, id=6224, stack(0x0000000058750000,0x0000000058850000)]
  0x0000000002518000 JavaThread "main" [_thread_blocked, id=988, stack(0x0000000002830000,0x0000000002930000)]

Other Threads:
  0x000000005774b000 VMThread [stack: 0x0000000058890000,0x0000000058990000] [id=6736]
  0x0000000058bc7000 WatcherThread [stack: 0x000000005a520000,0x000000005a620000] [id=880]

VM state:not at safepoint (normal execution)

VM Mutex/Monitor currently owned by a thread: None

Heap:
 PSYoungGen      total 38400K, used 25322K [0x00000000d5700000, 0x00000000d8180000, 0x0000000100000000)
  eden space 33280K, 76% used [0x00000000d5700000,0x00000000d6fbaa98,0x00000000d7780000)
  from space 5120K, 0% used [0x00000000d7c80000,0x00000000d7c80000,0x00000000d8180000)
  to   space 5120K, 0% used [0x00000000d7780000,0x00000000d7780000,0x00000000d7c80000)
 ParOldGen       total 87552K, used 0K [0x0000000080400000, 0x0000000085980000, 0x00000000d5700000)
  object space 87552K, 0% used [0x0000000080400000,0x0000000080400000,0x0000000085980000)
 Metaspace       used 10268K, capacity 10414K, committed 10624K, reserved 1058816K
  class space    used 1271K, capacity 1311K, committed 1408K, reserved 1048576K

Card table byte_map: [0x0000000011cf0000,0x00000000120f0000] byte_map_base: 0x00000000118ee000

Marking Bits: (ParMarkBitMap*) 0x0000000064644040
 Begin Bits: [0x00000000129e0000, 0x00000000149d0000)
 End Bits:   [0x00000000149d0000, 0x00000000169c0000)

Polling page: 0x0000000000130000

CodeCache: size=245760Kb used=3249Kb max_used=3249Kb free=242510Kb
 bounds [0x0000000002930000, 0x0000000002c60000, 0x0000000011930000]
 total_blobs=1103 nmethods=788 adapters=236
 compilation: enabled

Compilation events (10 events):
Event: 24.680 Thread 0x0000000058b2e000  786       3       org.apache.http.util.CharArrayBuffer::charAt (7 bytes)
Event: 24.680 Thread 0x0000000058b2e000 nmethod 786 0x0000000002c5dc50 code [0x0000000002c5dda0, 0x0000000002c5df10]
Event: 24.680 Thread 0x0000000058b2e000  785       1       org.apache.http.message.BufferedHeader::getName (5 bytes)
Event: 24.681 Thread 0x0000000058b2e000 nmethod 785 0x0000000002c5e010 code [0x0000000002c5e160, 0x0000000002c5e270]
Event: 24.681 Thread 0x0000000058b2e000  787       1       org.apache.http.message.ParserCursor::getPos (5 bytes)
Event: 24.681 Thread 0x0000000058b2e000 nmethod 787 0x0000000002c5e2d0 code [0x0000000002c5e420, 0x0000000002c5e530]
Event: 24.681 Thread 0x0000000058b2e000  788       3       java.lang.Class::getName (21 bytes)
Event: 24.681 Thread 0x0000000058b2e000 nmethod 788 0x0000000002c5e590 code [0x0000000002c5e700, 0x0000000002c5e908]
Event: 24.682 Thread 0x0000000058b2e000  789       3       java.lang.String::valueOf (14 bytes)
Event: 24.682 Thread 0x0000000058b2e000 nmethod 789 0x0000000002c5e990 code [0x0000000002c5eb00, 0x0000000002c5ed68]

GC Heap History (0 events):
No events

Deoptimization events (10 events):
Event: 0.460 Thread 0x0000000002518000 Uncommon trap: reason=unstable_if action=reinterpret pc=0x0000000002b54584 method=java.io.BufferedReader.read()I @ 19
Event: 0.472 Thread 0x0000000002518000 Uncommon trap: reason=unstable_if action=reinterpret pc=0x0000000002b6ef6c method=org.apache.http.conn.util.PublicSuffixListParser.readLine(Ljava/io/Reader;Ljava/lang/StringBuilder;)Z @ 15
Event: 0.515 Thread 0x0000000002518000 Uncommon trap: reason=class_check action=maybe_recompile pc=0x0000000002b69610 method=java.util.Collections$UnmodifiableCollection$1.hasNext()Z @ 4
Event: 0.515 Thread 0x0000000002518000 Uncommon trap: reason=class_check action=maybe_recompile pc=0x0000000002b6a0a0 method=java.util.Collections$UnmodifiableCollection$1.next()Ljava/lang/Object; @ 4
Event: 0.525 Thread 0x0000000002518000 Uncommon trap: reason=class_check action=maybe_recompile pc=0x0000000002b8ac2c method=java.util.concurrent.ConcurrentHashMap.putVal(Ljava/lang/Object;Ljava/lang/Object;Z)Ljava/lang/Object; @ 17
Event: 0.526 Thread 0x0000000002518000 Uncommon trap: reason=class_check action=maybe_recompile pc=0x0000000002b8ac2c method=java.util.concurrent.ConcurrentHashMap.putVal(Ljava/lang/Object;Ljava/lang/Object;Z)Ljava/lang/Object; @ 17
Event: 0.526 Thread 0x0000000002518000 Uncommon trap: reason=class_check action=maybe_recompile pc=0x0000000002b8ac2c method=java.util.concurrent.ConcurrentHashMap.putVal(Ljava/lang/Object;Ljava/lang/Object;Z)Ljava/lang/Object; @ 17
Event: 0.528 Thread 0x0000000002518000 Uncommon trap: reason=class_check action=maybe_recompile pc=0x0000000002b8ac2c method=java.util.concurrent.ConcurrentHashMap.putVal(Ljava/lang/Object;Ljava/lang/Object;Z)Ljava/lang/Object; @ 17
Event: 0.744 Thread 0x0000000002518000 Uncommon trap: reason=unstable_if action=reinterpret pc=0x0000000002acd49c method=java.lang.CharacterDataLatin1.digit(II)I @ 82
Event: 0.749 Thread 0x0000000002518000 Uncommon trap: reason=unstable_if action=reinterpret pc=0x0000000002bcc918 method=java.util.concurrent.ConcurrentHashMap.putVal(Ljava/lang/Object;Ljava/lang/Object;Z)Ljava/lang/Object; @ 181

Internal exceptions (10 events):
Event: 0.030 Thread 0x0000000002518000 Exception <a 'java/lang/NoSuchMethodError': Method sun.misc.Unsafe.prefetchRead(Ljava/lang/Object;J)V name or signature does not match> (0x00000000d5712e80) thrown at [C:\re\workspace\8-2-build-windows-amd64-cygwin\jdk8u45\3627\hotspot\src\share\vm\prims\jå–dî±Ð?
Event: 0.261 Thread 0x0000000002518000 Exception <a 'java/security/PrivilegedActionException'> (0x00000000d5bbbe00) thrown at [C:\re\workspace\8-2-build-windows-amd64-cygwin\jdk8u45\3627\hotspot\src\share\vm\prims\jvm.cpp, line 1382]
Event: 0.261 Thread 0x0000000002518000 Exception <a 'java/security/PrivilegedActionException'> (0x00000000d5bbc148) thrown at [C:\re\workspace\8-2-build-windows-amd64-cygwin\jdk8u45\3627\hotspot\src\share\vm\prims\jvm.cpp, line 1382]
Event: 0.262 Thread 0x0000000002518000 Exception <a 'java/security/PrivilegedActionException'> (0x00000000d5bc0070) thrown at [C:\re\workspace\8-2-build-windows-amd64-cygwin\jdk8u45\3627\hotspot\src\share\vm\prims\jvm.cpp, line 1382]
Event: 0.262 Thread 0x0000000002518000 Exception <a 'java/security/PrivilegedActionException'> (0x00000000d5bc03b8) thrown at [C:\re\workspace\8-2-build-windows-amd64-cygwin\jdk8u45\3627\hotspot\src\share\vm\prims\jvm.cpp, line 1382]
Event: 0.267 Thread 0x0000000002518000 Exception <a 'java/lang/NoClassDefFoundError': org/apache/log4j/Category> (0x00000000d5beb9a8) thrown at [C:\re\workspace\8-2-build-windows-amd64-cygwin\jdk8u45\3627\hotspot\src\share\vm\classfile\systemDictionary.cpp, line 199]
Event: 0.705 Thread 0x0000000002518000 Exception <a 'java/lang/ArrayIndexOutOfBoundsException': 18> (0x00000000d6c96150) thrown at [C:\re\workspace\8-2-build-windows-amd64-cygwin\jdk8u45\3627\hotspot\src\share\vm\interpreter\interpreterRuntime.cpp, line 366]
Event: 0.705 Thread 0x0000000002518000 Exception <a 'java/lang/ArrayIndexOutOfBoundsException': 90> (0x00000000d6c97508) thrown at [C:\re\workspace\8-2-build-windows-amd64-cygwin\jdk8u45\3627\hotspot\src\share\vm\interpreter\interpreterRuntime.cpp, line 366]
Event: 0.706 Thread 0x0000000002518000 Exception <a 'java/lang/ArrayIndexOutOfBoundsException': 105> (0x00000000d6c99078) thrown at [C:\re\workspace\8-2-build-windows-amd64-cygwin\jdk8u45\3627\hotspot\src\share\vm\interpreter\interpreterRuntime.cpp, line 366]
Event: 0.706 Thread 0x0000000002518000 Exception <a 'java/lang/ArrayIndexOutOfBoundsException'> (0x00000000d6c9a208) thrown at [C:\re\workspace\8-2-build-windows-amd64-cygwin\jdk8u45\3627\hotspot\src\share\vm\runtime\sharedRuntime.cpp, line 605]

Events (10 events):
Event: 351.463 Executing VM operation: GetOrSetLocal
Event: 351.463 Executing VM operation: GetOrSetLocal done
Event: 351.463 Executing VM operation: GetOrSetLocal
Event: 351.463 Executing VM operation: GetOrSetLocal done
Event: 351.464 Executing VM operation: GetOrSetLocal
Event: 351.464 Executing VM operation: GetOrSetLocal done
Event: 351.464 Executing VM operation: GetOrSetLocal
Event: 351.464 Executing VM operation: GetOrSetLocal done
Event: 799.575 Executing VM operation: RedefineClasses
Event: 799.579 Executing VM operation: RedefineClasses done


Dynamic libraries:
0x000000013f150000 - 0x000000013f187000 	C:\Program Files\Java\jdk1.8.0_45\bin\javaw.exe
0x0000000077850000 - 0x00000000779f9000 	C:\Windows\SYSTEM32\ntdll.dll
0x00000000772d0000 - 0x00000000773ef000 	C:\Windows\system32\kernel32.dll
0x000007fefde00000 - 0x000007fefde6c000 	C:\Windows\system32\KERNELBASE.dll
0x000007feffa60000 - 0x000007feffb3b000 	C:\Windows\system32\ADVAPI32.dll
0x000007feff9c0000 - 0x000007feffa5f000 	C:\Windows\system32\msvcrt.dll
0x000007feffb40000 - 0x000007feffb5f000 	C:\Windows\SYSTEM32\sechost.dll
0x000007fefe230000 - 0x000007fefe35d000 	C:\Windows\system32\RPCRT4.dll
0x0000000077750000 - 0x000000007784a000 	C:\Windows\system32\USER32.dll
0x000007fefe080000 - 0x000007fefe0e7000 	C:\Windows\system32\GDI32.dll
0x000007fefe710000 - 0x000007fefe71e000 	C:\Windows\system32\LPK.dll
0x000007feff8f0000 - 0x000007feff9b9000 	C:\Windows\system32\USP10.dll
0x000007fefc280000 - 0x000007fefc474000 	C:\Windows\WinSxS\amd64_microsoft.windows.common-controls_6595b64144ccf1df_6.0.7601.17514_none_fa396087175ac9ac\COMCTL32.dll
0x000007feff590000 - 0x000007feff601000 	C:\Windows\system32\SHLWAPI.dll
0x000007feff7f0000 - 0x000007feff81e000 	C:\Windows\system32\IMM32.DLL
0x000007fefe360000 - 0x000007fefe469000 	C:\Windows\system32\MSCTF.dll
0x0000000064f80000 - 0x0000000065052000 	C:\Program Files\Java\jdk1.8.0_45\jre\bin\msvcr100.dll
0x0000000063e40000 - 0x00000000646c3000 	C:\Program Files\Java\jdk1.8.0_45\jre\bin\server\jvm.dll
0x000007fef8f00000 - 0x000007fef8f09000 	C:\Windows\system32\WSOCK32.dll
0x000007feff820000 - 0x000007feff86d000 	C:\Windows\system32\WS2_32.dll
0x000007fefe470000 - 0x000007fefe478000 	C:\Windows\system32\NSI.dll
0x000007fefb0c0000 - 0x000007fefb0fb000 	C:\Windows\system32\WINMM.dll
0x000007fefce00000 - 0x000007fefce0c000 	C:\Windows\system32\VERSION.dll
0x0000000077a10000 - 0x0000000077a17000 	C:\Windows\system32\PSAPI.DLL
0x0000000073240000 - 0x000000007324f000 	C:\Program Files\Java\jdk1.8.0_45\jre\bin\verify.dll
0x0000000064f50000 - 0x0000000064f79000 	C:\Program Files\Java\jdk1.8.0_45\jre\bin\java.dll
0x0000000064e80000 - 0x0000000064eb5000 	C:\Program Files\Java\jdk1.8.0_45\jre\bin\jdwp.dll
0x0000000067e50000 - 0x0000000067e58000 	C:\Program Files\Java\jdk1.8.0_45\jre\bin\npt.dll
0x0000000064f30000 - 0x0000000064f46000 	C:\Program Files\Java\jdk1.8.0_45\jre\bin\zip.dll
0x000007fefe720000 - 0x000007feff4a8000 	C:\Windows\system32\SHELL32.dll
0x000007fefe4e0000 - 0x000007fefe6e3000 	C:\Windows\system32\ole32.dll
0x000007fefdcb0000 - 0x000007fefdcbf000 	C:\Windows\system32\profapi.dll
0x0000000064e70000 - 0x0000000064e79000 	C:\Program Files\Java\jdk1.8.0_45\jre\bin\dt_socket.dll
0x000007fefc690000 - 0x000007fefc6a5000 	C:\Windows\system32\NLAapi.dll
0x000007fef6210000 - 0x000007fef6225000 	C:\Windows\system32\napinsp.dll
0x000007fef61f0000 - 0x000007fef6209000 	C:\Windows\system32\pnrpnsp.dll
0x000007fefd580000 - 0x000007fefd5d5000 	C:\Windows\System32\mswsock.dll
0x000007fefd400000 - 0x000007fefd45b000 	C:\Windows\system32\DNSAPI.dll
0x000007fef61e0000 - 0x000007fef61eb000 	C:\Windows\System32\winrnr.dll
0x000007fef9cf0000 - 0x000007fef9d1f000 	C:\Program Files\Common Files\Microsoft Shared\Windows Live\WLIDNSP.DLL
0x0000000073bd0000 - 0x0000000073bf6000 	C:\Program Files\Bonjour\mdnsNSP.dll
0x000007fefb640000 - 0x000007fefb667000 	C:\Windows\system32\Iphlpapi.DLL
0x000007fefb630000 - 0x000007fefb63b000 	C:\Windows\system32\WINNSI.DLL
0x000007fefb590000 - 0x000007fefb5e3000 	C:\Windows\System32\fwpuclnt.dll
0x000007fef9ce0000 - 0x000007fef9ce8000 	C:\Windows\system32\rasadhlp.dll
0x000007fefced0000 - 0x000007fefced7000 	C:\Windows\System32\wshtcpip.dll
0x0000000064ec0000 - 0x0000000064ee4000 	C:\Program Files\Java\jdk1.8.0_45\jre\bin\sunec.dll
0x000007fefd5e0000 - 0x000007fefd5f7000 	C:\Windows\system32\CRYPTSP.dll
0x000007fefd2a0000 - 0x000007fefd2e7000 	C:\Windows\system32\rsaenh.dll
0x000007fefd000000 - 0x000007fefd01e000 	C:\Windows\system32\USERENV.dll
0x000007fefdbe0000 - 0x000007fefdbef000 	C:\Windows\system32\CRYPTBASE.dll
0x0000000064f10000 - 0x0000000064f2a000 	C:\Program Files\Java\jdk1.8.0_45\jre\bin\net.dll
0x000007fefd570000 - 0x000007fefd577000 	C:\Windows\System32\wship6.dll
0x000007fefb4c0000 - 0x000007fefb4d1000 	C:\Windows\system32\dhcpcsvc6.DLL
0x000007fefb530000 - 0x000007fefb548000 	C:\Windows\system32\dhcpcsvc.DLL
0x0000000064ef0000 - 0x0000000064f01000 	C:\Program Files\Java\jdk1.8.0_45\jre\bin\nio.dll
0x000007fef9550000 - 0x000007fef9675000 	C:\Windows\system32\dbghelp.dll

VM Arguments:
jvm_args: -agentlib:jdwp=transport=dt_socket,suspend=y,address=localhost:50148 -Dfile.encoding=MS949 
java_command: Inspection
java_class_path (initial): E:\selenium\atsseett\bin;C:\Users\thinking0\Desktop\develop\selenium-java-2.46.0\selenium-2.46.0\selenium-java-2.46.0.jar;C:\Users\thinking0\Desktop\develop\selenium-java-2.46.0\selenium-2.46.0\selenium-server-standalone-2.46.0.jar
Launcher Type: SUN_STANDARD

Environment Variables:
PATH=C:\Program Files\Java\jdk1.8.0_45\jre\bin;C:\ProgramData\Oracle\Java\javapath;C:\Program Files (x86)\Wizvera\Delfino;C:\Program Files\Common Files\Microsoft Shared\Windows Live;C:\Program Files (x86)\Common Files\Microsoft Shared\Windows Live;C:\Program Files (x86)\NVIDIA Corporation\PhysX\Common;C:\Windows\system32;C:\Windows;C:\Windows\System32\Wbem;C:\Windows\System32\WindowsPowerShell\v1.0\;C:\Program Files (x86)\Microsoft SQL Server\100\Tools\Binn\;C:\Program Files\Microsoft SQL Server\100\Tools\Binn\;C:\Program Files\Microsoft SQL Server\100\DTS\Binn\;C:\Program Files (x86)\Windows Live\Shared;c:\xampp\mysql\bin;c:\php;C:\Program Files (x86)\Windows Kits\8.0\Windows Performance Toolkit\;C:\depot_tools\depot_tools
USERNAME=thinking0
OS=Windows_NT
PROCESSOR_IDENTIFIER=Intel64 Family 6 Model 42 Stepping 7, GenuineIntel



---------------  S Y S T E M  ---------------

OS: Windows 7 , 64 bit Build 7601 (6.1.7601.17651)

CPU:total 4 (4 cores per cpu, 1 threads per core) family 6 model 42 stepping 7, cmov, cx8, fxsr, mmx, sse, sse2, sse3, ssse3, sse4.1, sse4.2, popcnt, avx, aes, clmul, tsc, tscinvbit

Memory: 4k page, physical 8370500k(4252524k free), swap 16739148k(10920472k free)

vm_info: Java HotSpot(TM) 64-Bit Server VM (25.45-b02) for windows-amd64 JRE (1.8.0_45-b15), built on Apr 30 2015 12:40:44 by "java_re" with MS VC++ 10.0 (VS2010)

time: Fri Sep 11 16:26:46 2015
elapsed time: 799 seconds (0d 0h 13m 19s)

